2021-01-22 16:37:40,478-INFO-app.py-register-134-colleen用户注册成功
2021-01-22 16:37:48,477-INFO-app.py-login-63-colleen用户登录成功
2021-01-22 16:37:48,775-INFO-app.py-index-93-colleen用户进入主页
2021-01-22 16:38:01,914-INFO-app.py-word_coloud-294-colleen用户查看词云图成功
2021-01-22 16:38:09,507-INFO-app.py-school_type-191-colleen用户查看学校类型模块成功
2021-01-22 16:38:16,589-INFO-app.py-num_dis_info-220-colleen用户查看调剂信息发布数省份成功
2021-01-22 16:38:22,777-INFO-app.py-map-322-colleen用户查看地图成功
2021-01-22 16:38:28,350-INFO-app.py-time_chart-246-colleen用户查看调剂信息发布时间走势成功
2021-01-22 16:39:07,903-INFO-app.py-index-93-colleen用户进入主页
2021-01-22 16:39:11,148-INFO-app.py-logout-148-colleen用户注销成功
2021-01-22 16:40:14,630-INFO-app.py-login-63-colleen用户登录成功
2021-01-22 16:40:14,699-INFO-app.py-index-93-colleen用户进入主页
2021-01-22 16:40:22,117-INFO-app.py-word_coloud-294-colleen用户查看词云图成功
2021-01-23 01:20:19,339-INFO-app.py-login-63-colleen用户登录成功
2021-01-23 01:20:19,739-INFO-app.py-index-93-colleen用户进入主页
2021-01-23 01:32:25,613-INFO-app.py-index-93-colleen用户进入主页
2021-01-23 02:00:33,492-INFO-app.py-index-93-colleen用户进入主页
2021-01-23 02:00:36,229-INFO-app.py-index-93-colleen用户进入主页
2021-01-23 02:00:39,396-INFO-app.py-word_coloud-294-colleen用户查看词云图成功
2021-01-23 02:00:46,077-INFO-app.py-school_type-191-colleen用户查看学校类型模块成功
2021-01-23 02:00:49,638-INFO-app.py-map-322-colleen用户查看地图成功
2021-01-23 02:00:54,802-INFO-app.py-map-322-colleen用户查看地图成功
2021-01-23 02:00:57,635-INFO-app.py-time_chart-246-colleen用户查看调剂信息发布时间走势成功
2021-01-23 02:01:11,468-INFO-app.py-logout-148-colleen用户注销成功
2021-01-23 02:03:04,079-INFO-app.py-login-63-colleen用户登录成功
2021-01-23 02:03:04,129-INFO-app.py-index-93-colleen用户进入主页
2021-01-23 02:04:55,262-INFO-app.py-index-93-colleen用户进入主页
2021-01-23 02:04:56,148-INFO-app.py-index-93-colleen用户进入主页
2021-01-23 02:05:08,821-INFO-app.py-map-322-colleen用户查看地图成功
2021-01-23 02:05:11,861-INFO-app.py-index-93-colleen用户进入主页
2021-01-23 02:05:17,114-INFO-app.py-word_coloud-294-colleen用户查看词云图成功
2021-01-23 02:05:19,539-INFO-app.py-num_dis_info-220-colleen用户查看调剂信息发布数省份成功
2021-01-23 02:05:23,252-INFO-app.py-time_chart-246-colleen用户查看调剂信息发布时间走势成功
2021-01-23 02:07:21,354-INFO-app.py-index-93-colleen用户进入主页
2021-01-23 11:27:38,226-INFO-app.py-login-63-colleen用户登录成功
2021-01-23 11:27:38,337-INFO-app.py-index-93-colleen用户进入主页
2021-01-23 11:31:19,492-INFO-app.py-index-93-colleen用户进入主页
2021-01-23 11:41:20,195-INFO-app.py-num_dis_info-220-colleen用户查看调剂信息发布数省份成功
2021-01-23 11:41:33,747-INFO-app.py-time_chart-246-colleen用户查看调剂信息发布时间走势成功
2021-01-23 11:55:45,422-INFO-app.py-time_chart-246-colleen用户查看调剂信息发布时间走势成功
2021-01-23 11:59:32,480-INFO-app.py-time_chart-246-colleen用户查看调剂信息发布时间走势成功
2021-01-23 12:01:37,275-INFO-app.py-time_chart-246-colleen用户查看调剂信息发布时间走势成功
2021-01-23 12:02:37,082-INFO-app.py-time_chart-246-colleen用户查看调剂信息发布时间走势成功
2021-01-23 12:02:38,984-INFO-app.py-time_chart-246-colleen用户查看调剂信息发布时间走势成功
2021-01-23 12:02:54,765-INFO-app.py-index-93-colleen用户进入主页
2021-01-23 12:05:46,821-INFO-app.py-word_coloud-294-colleen用户查看词云图成功
2021-01-23 12:09:46,571-INFO-app.py-word_coloud-294-colleen用户查看词云图成功
2021-01-23 12:09:55,467-INFO-app.py-word_coloud-294-colleen用户查看词云图成功
2021-01-23 12:09:56,962-INFO-app.py-word_coloud-294-colleen用户查看词云图成功
2021-01-23 12:10:53,348-INFO-app.py-word_coloud-294-colleen用户查看词云图成功
2021-01-23 12:11:55,250-INFO-app.py-word_coloud-294-colleen用户查看词云图成功
2021-01-23 12:12:51,097-INFO-app.py-word_coloud-294-colleen用户查看词云图成功
2021-01-23 12:13:52,333-INFO-app.py-word_coloud-294-colleen用户查看词云图成功
2021-01-23 12:14:18,507-INFO-app.py-word_coloud-294-colleen用户查看词云图成功
2021-01-23 12:14:38,392-INFO-app.py-word_coloud-294-colleen用户查看词云图成功
2021-01-23 12:15:18,083-INFO-app.py-word_coloud-294-colleen用户查看词云图成功
2021-01-23 12:15:20,458-INFO-app.py-index-93-colleen用户进入主页
2021-01-23 12:15:23,156-INFO-app.py-school_type-191-colleen用户查看学校类型模块成功
2021-01-23 12:18:01,373-INFO-app.py-school_type-191-colleen用户查看学校类型模块成功
2021-01-23 12:18:07,236-INFO-app.py-num_dis_info-220-colleen用户查看调剂信息发布数省份成功
2021-01-23 12:21:02,244-INFO-app.py-num_dis_info-220-colleen用户查看调剂信息发布数省份成功
2021-01-23 12:22:53,225-INFO-app.py-num_dis_info-220-colleen用户查看调剂信息发布数省份成功
2021-01-23 12:23:01,249-INFO-app.py-map-322-colleen用户查看地图成功
2021-01-23 12:28:42,614-INFO-app.py-index-93-colleen用户进入主页
2021-01-23 12:28:45,081-INFO-app.py-logout-148-colleen用户注销成功
2021-01-23 12:31:24,710-INFO-app.py-login-63-colleen用户登录成功
2021-01-23 12:31:24,765-INFO-app.py-index-93-colleen用户进入主页
2021-01-23 12:35:30,155-INFO-app.py-index-93-colleen用户进入主页
2021-01-23 12:35:32,872-INFO-app.py-logout-148-colleen用户注销成功
2021-01-23 12:42:35,963-INFO-app.py-login-63-colleen用户登录成功
2021-01-23 12:42:36,037-INFO-app.py-index-93-colleen用户进入主页
